Vortex Engine v0.1a
Initalizing...
Creating window 'Vortex Launcher - (Release x64)' (1000.000, 600.000)
[Renderer] Shader Loaded: 'Renderer_PBR'
[Renderer] Shader Loaded: 'Renderer_PBR_Static'
[Renderer] Shader Loaded: 'PBR_Equirectangular_to_Cubemap'
[Renderer] Shader Loaded: 'PBR_Irradiance_Convolution'
[Renderer] Shader Loaded: 'PBR_IBL_Prefilter'
[Renderer] Shader Loaded: 'PBR_BRDF_LUT'
[Renderer] Shader Loaded: 'PBR_Environment'
[Renderer] Shader Loaded: 'Renderer_SkyLightShadow'
[Renderer] Shader Loaded: 'Renderer_PointLightShadow'
[Renderer] Shader Loaded: 'Renderer_SpotLightShadow'
[Renderer] Shader Loaded: 'Renderer_Stencil'
[Renderer] Shader Loaded: 'Bloom_Upsample'
[Renderer] Shader Loaded: 'Bloom_Downsample'
[Renderer] Shader Loaded: 'Bloom'
[Renderer] Shader Loaded: 'Bloom_FinalComposite'
[Renderer] Shader Loaded: 'Renderer2D_Quad'
[Renderer] Shader Loaded: 'Renderer2D_Circle'
[Renderer] Shader Loaded: 'Renderer2D_Line'
[Renderer] Shader Loaded: 'Renderer2D_Text'
Shutting down...
